Using pre-set license
Built from '2020.3/staging' branch; Version is '2020.3.30f1 (1fb1bf06830e) revision 2077119'; Using compiler version '192528614'; Build Type 'Release'
OS: 'Windows 11  (10.0.22621) 64bit Core' Language: 'en' Physical Memory: 3830 MB
BatchMode: 1, IsHumanControllingUs: 0, StartBugReporterOnCrash: 0, Is64bit: 1, IsPro: 0

COMMAND LINE ARGUMENTS:
C:\Program Files\Unity\Hub\Editor\2020.3.30f1\Editor\Unity.exe
-adb2
-batchMode
-noUpm
-name
AssetImportWorker0
-projectPath
C:/Users/rylan/OneDrive/Documents/proJects/balance/wowiEEEEEEEEEEEEEEEEEE
-logFile
Logs/AssetImportWorker0.log
-srvPort
55702
Successfully changed project path to: C:/Users/rylan/OneDrive/Documents/proJects/balance/wowiEEEEEEEEEEEEEEEEEE
C:/Users/rylan/OneDrive/Documents/proJects/balance/wowiEEEEEEEEEEEEEEEEEE
Using Asset Import Pipeline V2.
Multiple plugins with the same name 'discord_game_sdk' (found at 'Assets/Plugins/x86/discord_game_sdk.dll' and 'Assets/Plugins/x86_64/discord_game_sdk.dll'). That means one or more plugins are set to be compatible with Editor. Only one plugin at the time can be used by Editor.
Refreshing native plugins compatible for Editor in 695.21 ms, found 4 plugins.
Preloading 0 native plugins for Editor in 0.00 ms.
Initialize engine version: 2020.3.30f1 (1fb1bf06830e)
[Subsystems] Discovering subsystems at path C:/Program Files/Unity/Hub/Editor/2020.3.30f1/Editor/Data/Resources/UnitySubsystems
[Subsystems] Discovering subsystems at path C:/Users/rylan/OneDrive/Documents/proJects/balance/wowiEEEEEEEEEEEEEEEEEE/Assets
GfxDevice: creating device client; threaded=0
Direct3D:
    Version:  Direct3D 11.0 [level 11.1]
    Renderer: Intel(R) UHD Graphics (ID=0x9a78)
    Vendor:   
    VRAM:     1915 MB
    Driver:   30.0.101.1338
Initialize mono
Mono path[0] = 'C:/Program Files/Unity/Hub/Editor/2020.3.30f1/Editor/Data/Managed'
Mono path[1] = 'C:/Program Files/Unity/Hub/Editor/2020.3.30f1/Editor/Data/MonoBleedingEdge/lib/mono/unityjit'
Mono config path = 'C:/Program Files/Unity/Hub/Editor/2020.3.30f1/Editor/Data/MonoBleedingEdge/etc'
Using monoOptions --debugger-agent=transport=dt_socket,embedding=1,server=y,suspend=n,address=127.0.0.1:56168
Begin MonoManager ReloadAssembly
Registering precompiled unity dll's ...
Register platform support module: C:/Program Files/Unity/Hub/Editor/2020.3.30f1/Editor/Data/PlaybackEngines/WebGLSupport/UnityEditor.WebGL.Extensions.dll
Register platform support module: C:/Program Files/Unity/Hub/Editor/2020.3.30f1/Editor/Data/PlaybackEngines/WindowsStandaloneSupport/UnityEditor.WindowsStandalone.Extensions.dll
Registered in 0.006209 seconds.
Native extension for WindowsStandalone target not found
Native extension for WebGL target not found
Multiple plugins with the same name 'discord_game_sdk' (found at 'Assets/Plugins/x86/discord_game_sdk.dll' and 'Assets/Plugins/x86_64/discord_game_sdk.dll'). That means one or more plugins are set to be compatible with Editor. Only one plugin at the time can be used by Editor.
Refreshing native plugins compatible for Editor in 81.86 ms, found 4 plugins.
Preloading 0 native plugins for Editor in 0.00 ms.
Mono: successfully reloaded assembly
- Completed reload, in  1.141 seconds
Domain Reload Profiling:
	ReloadAssembly (1142ms)
		BeginReloadAssembly (261ms)
			ExecutionOrderSort (0ms)
			DisableScriptedObjects (0ms)
			BackupInstance (0ms)
			ReleaseScriptingObjects (0ms)
			CreateAndSetChildDomain (3ms)
		EndReloadAssembly (610ms)
			LoadAssemblies (259ms)
			RebuildTransferFunctionScriptingTraits (1ms)
			SetupTypeCache (159ms)
			ReleaseScriptCaches (0ms)
			RebuildScriptCaches (36ms)
			SetupLoadedEditorAssemblies (283ms)
				LogAssemblyErrors (0ms)
				InitializePlatformSupportModulesInManaged (11ms)
				SetLoadedEditorAssemblies (0ms)
				RefreshPlugins (82ms)
				BeforeProcessingInitializeOnLoad (23ms)
				ProcessInitializeOnLoadAttributes (111ms)
				ProcessInitializeOnLoadMethodAttributes (54ms)
				AfterProcessingInitializeOnLoad (0ms)
				EditorAssembliesLoaded (1ms)
			ExecutionOrderSort2 (0ms)
			AwakeInstancesAfterBackupRestoration (0ms)
Platform modules already initialized, skipping
Registering precompiled user dll's ...
Registered in 0.020303 seconds.
Begin MonoManager ReloadAssembly
Native extension for WindowsStandalone target not found
Native extension for WebGL target not found
Multiple plugins with the same name 'discord_game_sdk' (found at 'Assets/Plugins/x86/discord_game_sdk.dll' and 'Assets/Plugins/x86_64/discord_game_sdk.dll'). That means one or more plugins are set to be compatible with Editor. Only one plugin at the time can be used by Editor.
Refreshing native plugins compatible for Editor in 172.66 ms, found 4 plugins.
Preloading 0 native plugins for Editor in 0.00 ms.
Mono: successfully reloaded assembly
- Completed reload, in  1.969 seconds
Domain Reload Profiling:
	ReloadAssembly (1972ms)
		BeginReloadAssembly (318ms)
			ExecutionOrderSort (0ms)
			DisableScriptedObjects (5ms)
			BackupInstance (0ms)
			ReleaseScriptingObjects (0ms)
			CreateAndSetChildDomain (25ms)
		EndReloadAssembly (1558ms)
			LoadAssemblies (399ms)
			RebuildTransferFunctionScriptingTraits (0ms)
			SetupTypeCache (421ms)
			ReleaseScriptCaches (2ms)
			RebuildScriptCaches (75ms)
			SetupLoadedEditorAssemblies (648ms)
				LogAssemblyErrors (0ms)
				InitializePlatformSupportModulesInManaged (7ms)
				SetLoadedEditorAssemblies (0ms)
				RefreshPlugins (173ms)
				BeforeProcessingInitializeOnLoad (152ms)
				ProcessInitializeOnLoadAttributes (279ms)
				ProcessInitializeOnLoadMethodAttributes (30ms)
				AfterProcessingInitializeOnLoad (7ms)
				EditorAssembliesLoaded (0ms)
			ExecutionOrderSort2 (0ms)
			AwakeInstancesAfterBackupRestoration (7ms)
Platform modules already initialized, skipping
========================================================================
Worker process is ready to serve import requests
Launched and connected shader compiler UnityShaderCompiler.exe after 0.19 seconds
Multiple plugins with the same name 'discord_game_sdk' (found at 'Assets/Plugins/x86/discord_game_sdk.dll' and 'Assets/Plugins/x86_64/discord_game_sdk.dll'). That means one or more plugins are set to be compatible with Editor. Only one plugin at the time can be used by Editor.
Refreshing native plugins compatible for Editor in 2.19 ms, found 4 plugins.
Preloading 0 native plugins for Editor in 0.00 ms.
Unloading 3371 Unused Serialized files (Serialized files now loaded: 0)
System memory in use before: 145.8 MB.
System memory in use after: 145.8 MB.

Unloading 39 unused Assets to reduce memory usage. Loaded Objects now: 3797.
Total: 12.551900 ms (FindLiveObjects: 0.983700 ms CreateObjectMapping: 0.171600 ms MarkObjects: 11.035300 ms  DeleteObjects: 0.358600 ms)

AssetImportParameters requested are different than current active one (requested -> active):
  custom:framework-win-MediaFoundation: 216162199b28c13a410421893ffa2e32 -> 
  custom:video-decoder-ogg-theora: a1e56fd34408186e4bbccfd4996cb3dc -> 
  custom:container-muxer-webm: aa71ff27fc2769a1b78a27578f13a17b -> 
  custom:container-demuxer-webm: 4f35f7cbe854078d1ac9338744f61a02 -> 
  custom:container-demuxer-ogg: 62fdf1f143b41e24485cea50d1cbac27 -> 
  custom:video-encoder-webm-vp8: eb34c28f22e8b96e1ab97ce403110664 -> 
  custom:video-codec-MediaFoundation-h265: 746d11721c4dcdbdad8f713fa42b33f4 -> 
  custom:video-decoder-webm-vp8: 9c59270c3fd7afecdb556c50c9e8de78 -> 
  custom:audio-decoder-ogg-vorbis: bf7c407c2cedff20999df2af8eb42d56 -> 
  custom:audio-encoder-webm-vorbis: bf7c407c2cedff20999df2af8eb42d56 -> 
========================================================================
Received Import Request.
  path: Assets/Prefabs/MeleeHitman 1.prefab
  artifactKey: Guid(9dee4cb3097595a418f4b36f5a009101) Importer(815301076,1909f56bfc062723c751e8b465ee728b)
Start importing Assets/Prefabs/MeleeHitman 1.prefab using Guid(9dee4cb3097595a418f4b36f5a009101) Importer(815301076,1909f56bfc062723c751e8b465ee728b)  -> (artifact id: '8b146e610cedc8ce81837de1064532db') in 0.560930 seconds 
========================================================================
Received Import Request.
  Time since last request: 0.002340 seconds.
  path: Assets/Prefabs/LightningTankEnemy 1.prefab
  artifactKey: Guid(874bfa55ff2214f4db3bd9a0ec285e0c) Importer(815301076,1909f56bfc062723c751e8b465ee728b)
Start importing Assets/Prefabs/LightningTankEnemy 1.prefab using Guid(874bfa55ff2214f4db3bd9a0ec285e0c) Importer(815301076,1909f56bfc062723c751e8b465ee728b)  -> (artifact id: '80d6d890ab9e2751e4b6124043028e75') in 0.056866 seconds 
========================================================================
Received Import Request.
  Time since last request: 0.000674 seconds.
  path: Assets/Prefabs/SpeedyEnemy 1.prefab
  artifactKey: Guid(0e3e92f632575ec4cacb2e26dd30897e) Importer(815301076,1909f56bfc062723c751e8b465ee728b)
Start importing Assets/Prefabs/SpeedyEnemy 1.prefab using Guid(0e3e92f632575ec4cacb2e26dd30897e) Importer(815301076,1909f56bfc062723c751e8b465ee728b)  -> (artifact id: 'cd136edc866b43c033565a014862c06f') in 0.064936 seconds 
========================================================================
Received Import Request.
  Time since last request: 0.000600 seconds.
  path: Assets/Prefabs/LightningEnemy 1.prefab
  artifactKey: Guid(ccfe959cde039e74c8f2558afa410bfc) Importer(815301076,1909f56bfc062723c751e8b465ee728b)
Start importing Assets/Prefabs/LightningEnemy 1.prefab using Guid(ccfe959cde039e74c8f2558afa410bfc) Importer(815301076,1909f56bfc062723c751e8b465ee728b)  -> (artifact id: '606f4e818e60d9a4899c428acd939c1b') in 0.067474 seconds 
========================================================================
Received Import Request.
  Time since last request: 56.800389 seconds.
  path: Assets/Prefabs/PinkyEnemy.prefab
  artifactKey: Guid(5c654929402a9c34aa194305b9d446c7) Importer(815301076,1909f56bfc062723c751e8b465ee728b)
Start importing Assets/Prefabs/PinkyEnemy.prefab using Guid(5c654929402a9c34aa194305b9d446c7) Importer(815301076,1909f56bfc062723c751e8b465ee728b)  -> (artifact id: '50782b64492101b360229c0dfd344aa5') in 0.350110 seconds 
========================================================================
Received Import Request.
  Time since last request: 0.000736 seconds.
  path: Assets/Prefabs/SuicideEnemy.prefab
  artifactKey: Guid(af7e3f86bc5f10249adf5fd5a7659562) Importer(815301076,1909f56bfc062723c751e8b465ee728b)
Start importing Assets/Prefabs/SuicideEnemy.prefab using Guid(af7e3f86bc5f10249adf5fd5a7659562) Importer(815301076,1909f56bfc062723c751e8b465ee728b)  -> (artifact id: 'ba1cbb5a0b7d9e6d74a7d6b3ab783de7') in 0.062854 seconds 
========================================================================
Received Import Request.
  Time since last request: 0.000360 seconds.
  path: Assets/Prefabs/StronkHitman.prefab
  artifactKey: Guid(13c33ef244d901641b9ae19dfa177f5f) Importer(815301076,1909f56bfc062723c751e8b465ee728b)
Start importing Assets/Prefabs/StronkHitman.prefab using Guid(13c33ef244d901641b9ae19dfa177f5f) Importer(815301076,1909f56bfc062723c751e8b465ee728b)  -> (artifact id: '4b53f51e6506224f4e83a8bd06a41aee') in 0.051626 seconds 
========================================================================
Received Import Request.
  Time since last request: 0.000439 seconds.
  path: Assets/Prefabs/TankEnemy.prefab
  artifactKey: Guid(58945814cab35d147a88771197e0ee59) Importer(815301076,1909f56bfc062723c751e8b465ee728b)
Start importing Assets/Prefabs/TankEnemy.prefab using Guid(58945814cab35d147a88771197e0ee59) Importer(815301076,1909f56bfc062723c751e8b465ee728b)  -> (artifact id: '2e5604ed0410aa98315eccbe28f5e261') in 0.034662 seconds 
========================================================================
Received Import Request.
  Time since last request: 0.000460 seconds.
  path: Assets/Prefabs/SpeedyEnemy.prefab
  artifactKey: Guid(c5f54755f74332a409b0cad67f0e5c89) Importer(815301076,1909f56bfc062723c751e8b465ee728b)
Start importing Assets/Prefabs/SpeedyEnemy.prefab using Guid(c5f54755f74332a409b0cad67f0e5c89) Importer(815301076,1909f56bfc062723c751e8b465ee728b)  -> (artifact id: '573be77c54d6a92c690678d0a1e37e36') in 0.030304 seconds 
========================================================================
Received Import Request.
  Time since last request: 0.000880 seconds.
  path: Assets/Prefabs/SpeedyHitman.prefab
  artifactKey: Guid(95e51661b9883e9418efed0c7629ca1e) Importer(815301076,1909f56bfc062723c751e8b465ee728b)
Start importing Assets/Prefabs/SpeedyHitman.prefab using Guid(95e51661b9883e9418efed0c7629ca1e) Importer(815301076,1909f56bfc062723c751e8b465ee728b)  -> (artifact id: 'e144ff79a505f719ee8b41187881753c') in 0.033817 seconds 
========================================================================
Received Import Request.
  Time since last request: 50.757083 seconds.
  path: Assets/Prefabs/LightningEnemy.prefab
  artifactKey: Guid(721c22dbb41cd5e42a3c118f5705bf21) Importer(815301076,1909f56bfc062723c751e8b465ee728b)
Start importing Assets/Prefabs/LightningEnemy.prefab using Guid(721c22dbb41cd5e42a3c118f5705bf21) Importer(815301076,1909f56bfc062723c751e8b465ee728b)  -> (artifact id: '16b4421fabca1e963c8ec54fbe7e20af') in 0.269320 seconds 
========================================================================
Received Import Request.
  Time since last request: 0.000731 seconds.
  path: Assets/Prefabs/NormalEnemy.prefab
  artifactKey: Guid(5498624b6264cf245a45930b96bd7ce1) Importer(815301076,1909f56bfc062723c751e8b465ee728b)
Start importing Assets/Prefabs/NormalEnemy.prefab using Guid(5498624b6264cf245a45930b96bd7ce1) Importer(815301076,1909f56bfc062723c751e8b465ee728b)  -> (artifact id: '513e50dc421e12f486e7197ece7f5183') in 0.028450 seconds 
========================================================================
Received Import Request.
  Time since last request: 0.000297 seconds.
  path: Assets/Prefabs/LightningTankEnemy.prefab
  artifactKey: Guid(2adf0633330c22e43b3b2a43e8da3c65) Importer(815301076,1909f56bfc062723c751e8b465ee728b)
Start importing Assets/Prefabs/LightningTankEnemy.prefab using Guid(2adf0633330c22e43b3b2a43e8da3c65) Importer(815301076,1909f56bfc062723c751e8b465ee728b)  -> (artifact id: '27d36ba252495da4ee33b30cd66678b1') in 0.049094 seconds 
========================================================================
Received Prepare
Registering precompiled user dll's ...
Registered in 0.020209 seconds.
Begin MonoManager ReloadAssembly
Native extension for WindowsStandalone target not found
Native extension for WebGL target not found
Multiple plugins with the same name 'discord_game_sdk' (found at 'Assets/Plugins/x86/discord_game_sdk.dll' and 'Assets/Plugins/x86_64/discord_game_sdk.dll'). That means one or more plugins are set to be compatible with Editor. Only one plugin at the time can be used by Editor.
Refreshing native plugins compatible for Editor in 9.34 ms, found 4 plugins.
Preloading 0 native plugins for Editor in 0.00 ms.
Mono: successfully reloaded assembly
- Completed reload, in 13.629 seconds
Domain Reload Profiling:
	ReloadAssembly (13650ms)
		BeginReloadAssembly (4431ms)
			ExecutionOrderSort (1ms)
			DisableScriptedObjects (2919ms)
			BackupInstance (0ms)
			ReleaseScriptingObjects (1ms)
			CreateAndSetChildDomain (589ms)
		EndReloadAssembly (7145ms)
			LoadAssemblies (5362ms)
			RebuildTransferFunctionScriptingTraits (3ms)
			SetupTypeCache (956ms)
			ReleaseScriptCaches (74ms)
			RebuildScriptCaches (64ms)
			SetupLoadedEditorAssemblies (610ms)
				LogAssemblyErrors (0ms)
				InitializePlatformSupportModulesInManaged (15ms)
				SetLoadedEditorAssemblies (1ms)
				RefreshPlugins (10ms)
				BeforeProcessingInitializeOnLoad (223ms)
				ProcessInitializeOnLoadAttributes (330ms)
				ProcessInitializeOnLoadMethodAttributes (21ms)
				AfterProcessingInitializeOnLoad (8ms)
				EditorAssembliesLoaded (2ms)
			ExecutionOrderSort2 (0ms)
			AwakeInstancesAfterBackupRestoration (34ms)
Platform modules already initialized, skipping
Multiple plugins with the same name 'discord_game_sdk' (found at 'Assets/Plugins/x86/discord_game_sdk.dll' and 'Assets/Plugins/x86_64/discord_game_sdk.dll'). That means one or more plugins are set to be compatible with Editor. Only one plugin at the time can be used by Editor.
Refreshing native plugins compatible for Editor in 1.51 ms, found 4 plugins.
Preloading 0 native plugins for Editor in 0.00 ms.
Unloading 3263 Unused Serialized files (Serialized files now loaded: 0)
System memory in use before: 144.0 MB.
System memory in use after: 144.1 MB.

Unloading 28 unused Assets to reduce memory usage. Loaded Objects now: 3844.
Total: 16.760500 ms (FindLiveObjects: 1.318000 ms CreateObjectMapping: 0.351000 ms MarkObjects: 14.411400 ms  DeleteObjects: 0.677600 ms)

AssetImportParameters requested are different than current active one (requested -> active):
  custom:framework-win-MediaFoundation: 216162199b28c13a410421893ffa2e32 -> 
  custom:video-decoder-ogg-theora: a1e56fd34408186e4bbccfd4996cb3dc -> 
  custom:container-muxer-webm: aa71ff27fc2769a1b78a27578f13a17b -> 
  custom:container-demuxer-webm: 4f35f7cbe854078d1ac9338744f61a02 -> 
  custom:container-demuxer-ogg: 62fdf1f143b41e24485cea50d1cbac27 -> 
  custom:video-encoder-webm-vp8: eb34c28f22e8b96e1ab97ce403110664 -> 
  custom:video-codec-MediaFoundation-h265: 746d11721c4dcdbdad8f713fa42b33f4 -> 
  custom:video-decoder-webm-vp8: 9c59270c3fd7afecdb556c50c9e8de78 -> 
  custom:audio-decoder-ogg-vorbis: bf7c407c2cedff20999df2af8eb42d56 -> 
  custom:audio-encoder-webm-vorbis: bf7c407c2cedff20999df2af8eb42d56 -> 
========================================================================
Received Import Request.
  Time since last request: 348.792386 seconds.
  path: Assets/Audio/buildGoBoom.wav
  artifactKey: Guid(875fe29989d8b6a4488fef81ddf4c8c9) Importer(815301076,1909f56bfc062723c751e8b465ee728b)
Start importing Assets/Audio/buildGoBoom.wav using Guid(875fe29989d8b6a4488fef81ddf4c8c9) Importer(815301076,1909f56bfc062723c751e8b465ee728b)  -> (artifact id: '2c76921c85b4808c0365922313b759f3') in 0.825807 seconds 
========================================================================
Received Import Request.
  Time since last request: 11.565355 seconds.
  path: Assets/Prefabs/ImposterEnemy.prefab
  artifactKey: Guid(f97c8ce444eed3d4ca71129366984d29) Importer(815301076,1909f56bfc062723c751e8b465ee728b)
Start importing Assets/Prefabs/ImposterEnemy.prefab using Guid(f97c8ce444eed3d4ca71129366984d29) Importer(815301076,1909f56bfc062723c751e8b465ee728b)  -> (artifact id: 'c7d135b63a2129e14c9314ddd2a1f834') in 0.282272 seconds 
========================================================================
Received Import Request.
  Time since last request: 85.711387 seconds.
  path: Assets/Prefabs/Player.prefab
  artifactKey: Guid(bdc115708e6a6a546b7c2eba3ce15843) Importer(815301076,1909f56bfc062723c751e8b465ee728b)
Start importing Assets/Prefabs/Player.prefab using Guid(bdc115708e6a6a546b7c2eba3ce15843) Importer(815301076,1909f56bfc062723c751e8b465ee728b)  -> (artifact id: '580f5e39a4e8f27d2db502feaaf944ef') in 0.665892 seconds 
========================================================================
Received Import Request.
  Time since last request: 1851.663560 seconds.
  path: Assets/Scripts/Wall.cs
  artifactKey: Guid(b368ece651f98e247a4d948160333c3b) Importer(815301076,1909f56bfc062723c751e8b465ee728b)
Start importing Assets/Scripts/Wall.cs using Guid(b368ece651f98e247a4d948160333c3b) Importer(815301076,1909f56bfc062723c751e8b465ee728b)  -> (artifact id: '5e0173872e237e8799197941cee212ca') in 0.243795 seconds 
========================================================================
Received Prepare
Registering precompiled user dll's ...
Registered in 0.046357 seconds.
Begin MonoManager ReloadAssembly
Native extension for WindowsStandalone target not found
Native extension for WebGL target not found
Multiple plugins with the same name 'discord_game_sdk' (found at 'Assets/Plugins/x86/discord_game_sdk.dll' and 'Assets/Plugins/x86_64/discord_game_sdk.dll'). That means one or more plugins are set to be compatible with Editor. Only one plugin at the time can be used by Editor.
Refreshing native plugins compatible for Editor in 16.18 ms, found 4 plugins.
Preloading 0 native plugins for Editor in 0.00 ms.
Mono: successfully reloaded assembly
- Completed reload, in  4.629 seconds
Domain Reload Profiling:
	ReloadAssembly (4727ms)
		BeginReloadAssembly (2456ms)
			ExecutionOrderSort (0ms)
			DisableScriptedObjects (404ms)
			BackupInstance (0ms)
			ReleaseScriptingObjects (4ms)
			CreateAndSetChildDomain (1398ms)
		EndReloadAssembly (2026ms)
			LoadAssemblies (529ms)
			RebuildTransferFunctionScriptingTraits (5ms)
			SetupTypeCache (593ms)
			ReleaseScriptCaches (11ms)
			RebuildScriptCaches (85ms)
			SetupLoadedEditorAssemblies (703ms)
				LogAssemblyErrors (0ms)
				InitializePlatformSupportModulesInManaged (12ms)
				SetLoadedEditorAssemblies (3ms)
				RefreshPlugins (17ms)
				BeforeProcessingInitializeOnLoad (219ms)
				ProcessInitializeOnLoadAttributes (412ms)
				ProcessInitializeOnLoadMethodAttributes (26ms)
				AfterProcessingInitializeOnLoad (12ms)
				EditorAssembliesLoaded (1ms)
			ExecutionOrderSort2 (0ms)
			AwakeInstancesAfterBackupRestoration (42ms)
Platform modules already initialized, skipping
Multiple plugins with the same name 'discord_game_sdk' (found at 'Assets/Plugins/x86/discord_game_sdk.dll' and 'Assets/Plugins/x86_64/discord_game_sdk.dll'). That means one or more plugins are set to be compatible with Editor. Only one plugin at the time can be used by Editor.
Refreshing native plugins compatible for Editor in 1.67 ms, found 4 plugins.
Preloading 0 native plugins for Editor in 0.00 ms.
Unloading 3263 Unused Serialized files (Serialized files now loaded: 0)
System memory in use before: 144.2 MB.
System memory in use after: 144.3 MB.

Unloading 28 unused Assets to reduce memory usage. Loaded Objects now: 3884.
Total: 21.727400 ms (FindLiveObjects: 1.754600 ms CreateObjectMapping: 1.742000 ms MarkObjects: 17.801700 ms  DeleteObjects: 0.426600 ms)

AssetImportParameters requested are different than current active one (requested -> active):
  custom:framework-win-MediaFoundation: 216162199b28c13a410421893ffa2e32 -> 
  custom:video-decoder-ogg-theora: a1e56fd34408186e4bbccfd4996cb3dc -> 
  custom:container-muxer-webm: aa71ff27fc2769a1b78a27578f13a17b -> 
  custom:container-demuxer-webm: 4f35f7cbe854078d1ac9338744f61a02 -> 
  custom:container-demuxer-ogg: 62fdf1f143b41e24485cea50d1cbac27 -> 
  custom:video-encoder-webm-vp8: eb34c28f22e8b96e1ab97ce403110664 -> 
  custom:video-codec-MediaFoundation-h265: 746d11721c4dcdbdad8f713fa42b33f4 -> 
  custom:video-decoder-webm-vp8: 9c59270c3fd7afecdb556c50c9e8de78 -> 
  custom:audio-decoder-ogg-vorbis: bf7c407c2cedff20999df2af8eb42d56 -> 
  custom:audio-encoder-webm-vorbis: bf7c407c2cedff20999df2af8eb42d56 -> 
========================================================================
Received Import Request.
  Time since last request: 777.264588 seconds.
  path: Assets/Scripts/Wall.cs
  artifactKey: Guid(b368ece651f98e247a4d948160333c3b) Importer(815301076,1909f56bfc062723c751e8b465ee728b)
Start importing Assets/Scripts/Wall.cs using Guid(b368ece651f98e247a4d948160333c3b) Importer(815301076,1909f56bfc062723c751e8b465ee728b)  -> (artifact id: 'abc37461b6621260e0c46ffbf28fbe69') in 0.041023 seconds 
========================================================================
Received Import Request.
  Time since last request: 75.924887 seconds.
  path: Assets/Scripts/Wall.cs
  artifactKey: Guid(b368ece651f98e247a4d948160333c3b) Importer(815301076,1909f56bfc062723c751e8b465ee728b)
Start importing Assets/Scripts/Wall.cs using Guid(b368ece651f98e247a4d948160333c3b) Importer(815301076,1909f56bfc062723c751e8b465ee728b)  -> (artifact id: '40ab23895898e7f84fe131c25b48cfb6') in 0.043757 seconds 
========================================================================
Received Prepare
Registering precompiled user dll's ...
Registered in 0.019374 seconds.
Begin MonoManager ReloadAssembly
Native extension for WindowsStandalone target not found
Native extension for WebGL target not found
Multiple plugins with the same name 'discord_game_sdk' (found at 'Assets/Plugins/x86/discord_game_sdk.dll' and 'Assets/Plugins/x86_64/discord_game_sdk.dll'). That means one or more plugins are set to be compatible with Editor. Only one plugin at the time can be used by Editor.
Refreshing native plugins compatible for Editor in 14.34 ms, found 4 plugins.
Preloading 0 native plugins for Editor in 0.00 ms.
Mono: successfully reloaded assembly
- Completed reload, in 10.791 seconds
Domain Reload Profiling:
	ReloadAssembly (10813ms)
		BeginReloadAssembly (1522ms)
			ExecutionOrderSort (0ms)
			DisableScriptedObjects (175ms)
			BackupInstance (0ms)
			ReleaseScriptingObjects (2ms)
			CreateAndSetChildDomain (846ms)
		EndReloadAssembly (2599ms)
			LoadAssemblies (811ms)
			RebuildTransferFunctionScriptingTraits (8ms)
			SetupTypeCache (766ms)
			ReleaseScriptCaches (44ms)
			RebuildScriptCaches (112ms)
			SetupLoadedEditorAssemblies (717ms)
				LogAssemblyErrors (0ms)
				InitializePlatformSupportModulesInManaged (12ms)
				SetLoadedEditorAssemblies (2ms)
				RefreshPlugins (14ms)
				BeforeProcessingInitializeOnLoad (175ms)
				ProcessInitializeOnLoadAttributes (488ms)
				ProcessInitializeOnLoadMethodAttributes (18ms)
				AfterProcessingInitializeOnLoad (6ms)
				EditorAssembliesLoaded (1ms)
			ExecutionOrderSort2 (0ms)
			AwakeInstancesAfterBackupRestoration (36ms)
Platform modules already initialized, skipping
Multiple plugins with the same name 'discord_game_sdk' (found at 'Assets/Plugins/x86/discord_game_sdk.dll' and 'Assets/Plugins/x86_64/discord_game_sdk.dll'). That means one or more plugins are set to be compatible with Editor. Only one plugin at the time can be used by Editor.
Refreshing native plugins compatible for Editor in 56.42 ms, found 4 plugins.
Preloading 0 native plugins for Editor in 0.00 ms.
Unloading 3263 Unused Serialized files (Serialized files now loaded: 0)
System memory in use before: 144.3 MB.
System memory in use after: 144.3 MB.

Unloading 28 unused Assets to reduce memory usage. Loaded Objects now: 3886.
Total: 174.328000 ms (FindLiveObjects: 37.297400 ms CreateObjectMapping: 68.528900 ms MarkObjects: 64.099400 ms  DeleteObjects: 4.383600 ms)

AssetImportParameters requested are different than current active one (requested -> active):
  custom:framework-win-MediaFoundation: 216162199b28c13a410421893ffa2e32 -> 
  custom:video-decoder-ogg-theora: a1e56fd34408186e4bbccfd4996cb3dc -> 
  custom:container-muxer-webm: aa71ff27fc2769a1b78a27578f13a17b -> 
  custom:container-demuxer-webm: 4f35f7cbe854078d1ac9338744f61a02 -> 
  custom:container-demuxer-ogg: 62fdf1f143b41e24485cea50d1cbac27 -> 
  custom:video-encoder-webm-vp8: eb34c28f22e8b96e1ab97ce403110664 -> 
  custom:video-codec-MediaFoundation-h265: 746d11721c4dcdbdad8f713fa42b33f4 -> 
  custom:video-decoder-webm-vp8: 9c59270c3fd7afecdb556c50c9e8de78 -> 
  custom:audio-decoder-ogg-vorbis: bf7c407c2cedff20999df2af8eb42d56 -> 
  custom:audio-encoder-webm-vorbis: bf7c407c2cedff20999df2af8eb42d56 -> 
========================================================================
Received Import Request.
  Time since last request: 114.716797 seconds.
  path: Assets/Scripts/Wall.cs
  artifactKey: Guid(b368ece651f98e247a4d948160333c3b) Importer(815301076,1909f56bfc062723c751e8b465ee728b)
Start importing Assets/Scripts/Wall.cs using Guid(b368ece651f98e247a4d948160333c3b) Importer(815301076,1909f56bfc062723c751e8b465ee728b)  -> (artifact id: 'a1cf8199599c7ac893a24289f67f3bd0') in 9.559593 seconds 
========================================================================
Received Prepare
Registering precompiled user dll's ...
Registered in 0.029438 seconds.
Begin MonoManager ReloadAssembly
Native extension for WindowsStandalone target not found
Native extension for WebGL target not found
Multiple plugins with the same name 'discord_game_sdk' (found at 'Assets/Plugins/x86/discord_game_sdk.dll' and 'Assets/Plugins/x86_64/discord_game_sdk.dll'). That means one or more plugins are set to be compatible with Editor. Only one plugin at the time can be used by Editor.
Refreshing native plugins compatible for Editor in 37.95 ms, found 4 plugins.
Preloading 0 native plugins for Editor in 0.00 ms.
Mono: successfully reloaded assembly
- Completed reload, in 15.718 seconds
Domain Reload Profiling:
	ReloadAssembly (15781ms)
		BeginReloadAssembly (7188ms)
			ExecutionOrderSort (4ms)
			DisableScriptedObjects (1318ms)
			BackupInstance (0ms)
			ReleaseScriptingObjects (6ms)
			CreateAndSetChildDomain (1739ms)
		EndReloadAssembly (5113ms)
			LoadAssemblies (1447ms)
			RebuildTransferFunctionScriptingTraits (6ms)
			SetupTypeCache (634ms)
			ReleaseScriptCaches (274ms)
			RebuildScriptCaches (642ms)
			SetupLoadedEditorAssemblies (2654ms)
				LogAssemblyErrors (0ms)
				InitializePlatformSupportModulesInManaged (21ms)
				SetLoadedEditorAssemblies (3ms)
				RefreshPlugins (38ms)
				BeforeProcessingInitializeOnLoad (832ms)
				ProcessInitializeOnLoadAttributes (1723ms)
				ProcessInitializeOnLoadMethodAttributes (27ms)
				AfterProcessingInitializeOnLoad (8ms)
				EditorAssembliesLoaded (2ms)
			ExecutionOrderSort2 (0ms)
			AwakeInstancesAfterBackupRestoration (30ms)
Platform modules already initialized, skipping
Multiple plugins with the same name 'discord_game_sdk' (found at 'Assets/Plugins/x86/discord_game_sdk.dll' and 'Assets/Plugins/x86_64/discord_game_sdk.dll'). That means one or more plugins are set to be compatible with Editor. Only one plugin at the time can be used by Editor.
Refreshing native plugins compatible for Editor in 62.89 ms, found 4 plugins.
Preloading 0 native plugins for Editor in 0.00 ms.
Unloading 3263 Unused Serialized files (Serialized files now loaded: 0)
System memory in use before: 144.3 MB.
System memory in use after: 144.4 MB.

Unloading 28 unused Assets to reduce memory usage. Loaded Objects now: 3888.
Total: 454.740000 ms (FindLiveObjects: 7.513100 ms CreateObjectMapping: 1.522700 ms MarkObjects: 426.438400 ms  DeleteObjects: 19.029800 ms)

AssetImportParameters requested are different than current active one (requested -> active):
  custom:framework-win-MediaFoundation: 216162199b28c13a410421893ffa2e32 -> 
  custom:video-decoder-ogg-theora: a1e56fd34408186e4bbccfd4996cb3dc -> 
  custom:container-muxer-webm: aa71ff27fc2769a1b78a27578f13a17b -> 
  custom:container-demuxer-webm: 4f35f7cbe854078d1ac9338744f61a02 -> 
  custom:container-demuxer-ogg: 62fdf1f143b41e24485cea50d1cbac27 -> 
  custom:video-encoder-webm-vp8: eb34c28f22e8b96e1ab97ce403110664 -> 
  custom:video-codec-MediaFoundation-h265: 746d11721c4dcdbdad8f713fa42b33f4 -> 
  custom:video-decoder-webm-vp8: 9c59270c3fd7afecdb556c50c9e8de78 -> 
  custom:audio-decoder-ogg-vorbis: bf7c407c2cedff20999df2af8eb42d56 -> 
  custom:audio-encoder-webm-vorbis: bf7c407c2cedff20999df2af8eb42d56 -> 
========================================================================
Received Prepare
Registering precompiled user dll's ...
Registered in 0.282063 seconds.
Begin MonoManager ReloadAssembly
Native extension for WindowsStandalone target not found
Native extension for WebGL target not found
Multiple plugins with the same name 'discord_game_sdk' (found at 'Assets/Plugins/x86/discord_game_sdk.dll' and 'Assets/Plugins/x86_64/discord_game_sdk.dll'). That means one or more plugins are set to be compatible with Editor. Only one plugin at the time can be used by Editor.
Refreshing native plugins compatible for Editor in 7.19 ms, found 4 plugins.
Preloading 0 native plugins for Editor in 0.00 ms.
Mono: successfully reloaded assembly
- Completed reload, in  4.170 seconds
Domain Reload Profiling:
	ReloadAssembly (4212ms)
		BeginReloadAssembly (1800ms)
			ExecutionOrderSort (0ms)
			DisableScriptedObjects (151ms)
			BackupInstance (0ms)
			ReleaseScriptingObjects (2ms)
			CreateAndSetChildDomain (1115ms)
		EndReloadAssembly (2118ms)
			LoadAssemblies (578ms)
			RebuildTransferFunctionScriptingTraits (3ms)
			SetupTypeCache (651ms)
			ReleaseScriptCaches (26ms)
			RebuildScriptCaches (81ms)
			SetupLoadedEditorAssemblies (725ms)
				LogAssemblyErrors (0ms)
				InitializePlatformSupportModulesInManaged (13ms)
				SetLoadedEditorAssemblies (2ms)
				RefreshPlugins (8ms)
				BeforeProcessingInitializeOnLoad (207ms)
				ProcessInitializeOnLoadAttributes (456ms)
				ProcessInitializeOnLoadMethodAttributes (30ms)
				AfterProcessingInitializeOnLoad (9ms)
				EditorAssembliesLoaded (1ms)
			ExecutionOrderSort2 (0ms)
			AwakeInstancesAfterBackupRestoration (35ms)
Platform modules already initialized, skipping
Multiple plugins with the same name 'discord_game_sdk' (found at 'Assets/Plugins/x86/discord_game_sdk.dll' and 'Assets/Plugins/x86_64/discord_game_sdk.dll'). That means one or more plugins are set to be compatible with Editor. Only one plugin at the time can be used by Editor.
Refreshing native plugins compatible for Editor in 1.59 ms, found 4 plugins.
Preloading 0 native plugins for Editor in 0.00 ms.
Unloading 3263 Unused Serialized files (Serialized files now loaded: 0)
System memory in use before: 144.3 MB.
System memory in use after: 144.4 MB.

Unloading 28 unused Assets to reduce memory usage. Loaded Objects now: 3890.
Total: 29.347300 ms (FindLiveObjects: 2.632100 ms CreateObjectMapping: 1.605800 ms MarkObjects: 21.433100 ms  DeleteObjects: 3.672900 ms)

AssetImportParameters requested are different than current active one (requested -> active):
  custom:framework-win-MediaFoundation: 216162199b28c13a410421893ffa2e32 -> 
  custom:video-decoder-ogg-theora: a1e56fd34408186e4bbccfd4996cb3dc -> 
  custom:container-muxer-webm: aa71ff27fc2769a1b78a27578f13a17b -> 
  custom:container-demuxer-webm: 4f35f7cbe854078d1ac9338744f61a02 -> 
  custom:container-demuxer-ogg: 62fdf1f143b41e24485cea50d1cbac27 -> 
  custom:video-encoder-webm-vp8: eb34c28f22e8b96e1ab97ce403110664 -> 
  custom:video-codec-MediaFoundation-h265: 746d11721c4dcdbdad8f713fa42b33f4 -> 
  custom:video-decoder-webm-vp8: 9c59270c3fd7afecdb556c50c9e8de78 -> 
  custom:audio-decoder-ogg-vorbis: bf7c407c2cedff20999df2af8eb42d56 -> 
  custom:audio-encoder-webm-vorbis: bf7c407c2cedff20999df2af8eb42d56 -> 
