Using pre-set license
Built from '2020.3/staging' branch; Version is '2020.3.30f1 (1fb1bf06830e) revision 2077119'; Using compiler version '192528614'; Build Type 'Release'
OS: 'Windows 11  (10.0.22621) 64bit Core' Language: 'en' Physical Memory: 3830 MB
BatchMode: 1, IsHumanControllingUs: 0, StartBugReporterOnCrash: 0, Is64bit: 1, IsPro: 0

COMMAND LINE ARGUMENTS:
C:\Program Files\Unity\Hub\Editor\2020.3.30f1\Editor\Unity.exe
-adb2
-batchMode
-noUpm
-name
AssetImportWorker0
-projectPath
C:/Users/rylan/OneDrive/Documents/proJects/balance/wowiEEEEEEEEEEEEEEEEEE
-logFile
Logs/AssetImportWorker0.log
-srvPort
64624
Successfully changed project path to: C:/Users/rylan/OneDrive/Documents/proJects/balance/wowiEEEEEEEEEEEEEEEEEE
C:/Users/rylan/OneDrive/Documents/proJects/balance/wowiEEEEEEEEEEEEEEEEEE
Using Asset Import Pipeline V2.
Multiple plugins with the same name 'discord_game_sdk' (found at 'Assets/Plugins/x86/discord_game_sdk.dll' and 'Assets/Plugins/x86_64/discord_game_sdk.dll'). That means one or more plugins are set to be compatible with Editor. Only one plugin at the time can be used by Editor.
Refreshing native plugins compatible for Editor in 4721.59 ms, found 4 plugins.
Preloading 0 native plugins for Editor in 0.00 ms.
Initialize engine version: 2020.3.30f1 (1fb1bf06830e)
[Subsystems] Discovering subsystems at path C:/Program Files/Unity/Hub/Editor/2020.3.30f1/Editor/Data/Resources/UnitySubsystems
[Subsystems] Discovering subsystems at path C:/Users/rylan/OneDrive/Documents/proJects/balance/wowiEEEEEEEEEEEEEEEEEE/Assets
GfxDevice: creating device client; threaded=0
